<?xml version="1.0" encoding="UTF-8"?>
<!-- Generated by org.testng.reporters.JUnitReportReporter -->
<testsuite skipped="0" hostname="PC-PC" name="test.PostApiTest" tests="1" failures="0" timestamp="23 Dec 2018 19:15:36 GMT" time="4.310" errors="0">
  <testcase name="postApiTest" time="4.310" classname="test.PostApiTest"/>
</testsuite> <!-- test.PostApiTest -->
