<?xml version="1.0" encoding="UTF-8"?>
<!-- Generated by org.testng.reporters.JUnitReportReporter -->
<testsuite skipped="0" hostname="PC-PC" name="test.GetAPITest" tests="2" failures="0" timestamp="22 Dec 2018 19:23:59 GMT" time="4.835" errors="0">
  <testcase name="getTestWithOutHeader" time="3.965" classname="test.GetAPITest"/>
  <testcase name="getTestWithHeaders" time="0.870" classname="test.GetAPITest"/>
</testsuite> <!-- test.GetAPITest -->
